mode: set
github.com/andres085/task_manager/internal/assert/assert.go:8.60,11.24 2 0
github.com/andres085/task_manager/internal/assert/assert.go:11.24,13.3 1 0
github.com/andres085/task_manager/internal/assert/assert.go:16.69,19.50 2 0
github.com/andres085/task_manager/internal/assert/assert.go:19.50,21.3 1 0
github.com/andres085/task_manager/internal/assert/assert.go:24.43,27.19 2 0
github.com/andres085/task_manager/internal/assert/assert.go:27.19,29.3 1 0
github.com/andres085/task_manager/internal/validator/validator.go:15.34,17.2 1 0
github.com/andres085/task_manager/internal/validator/validator.go:19.56,20.26 1 0
github.com/andres085/task_manager/internal/validator/validator.go:20.26,22.3 1 0
github.com/andres085/task_manager/internal/validator/validator.go:24.2,24.46 1 0
github.com/andres085/task_manager/internal/validator/validator.go:24.46,26.3 1 0
github.com/andres085/task_manager/internal/validator/validator.go:29.62,30.9 1 0
github.com/andres085/task_manager/internal/validator/validator.go:30.9,32.3 1 0
github.com/andres085/task_manager/internal/validator/validator.go:35.34,37.2 1 0
github.com/andres085/task_manager/internal/validator/validator.go:39.41,41.2 1 0
github.com/andres085/task_manager/internal/validator/validator.go:43.71,45.2 1 0
github.com/andres085/task_manager/internal/validator/validator.go:49.41,51.2 1 0
github.com/andres085/task_manager/internal/validator/validator.go:53.52,55.2 1 0
github.com/andres085/task_manager/internal/validator/validator.go:57.54,59.2 1 0
github.com/andres085/task_manager/internal/models/mocks/logger.go:13.73,15.2 1 0
github.com/andres085/task_manager/internal/models/mocks/logger.go:17.70,21.2 3 0
github.com/andres085/task_manager/internal/models/mocks/logger.go:23.63,25.2 1 0
github.com/andres085/task_manager/internal/models/mocks/logger.go:27.57,29.2 1 0
github.com/andres085/task_manager/internal/models/mocks/tasks.go:31.99,33.2 1 0
github.com/andres085/task_manager/internal/models/mocks/tasks.go:35.54,36.12 1 0
github.com/andres085/task_manager/internal/models/mocks/tasks.go:37.9,38.28 1 0
github.com/andres085/task_manager/internal/models/mocks/tasks.go:39.10,40.43 1 0
github.com/andres085/task_manager/internal/models/mocks/tasks.go:44.112,46.2 1 0
github.com/andres085/task_manager/internal/models/mocks/tasks.go:48.97,50.2 1 0
github.com/andres085/task_manager/internal/models/mocks/tasks.go:52.102,54.2 1 0
github.com/andres085/task_manager/internal/models/mocks/tasks.go:56.49,58.2 1 0
github.com/andres085/task_manager/internal/models/mocks/tasks.go:60.73,61.32 1 0
github.com/andres085/task_manager/internal/models/mocks/tasks.go:61.32,63.3 1 0
github.com/andres085/task_manager/internal/models/mocks/tasks.go:64.2,64.19 1 0
github.com/andres085/task_manager/internal/models/mocks/tasks.go:67.69,68.32 1 0
github.com/andres085/task_manager/internal/models/mocks/tasks.go:68.32,70.3 1 0
github.com/andres085/task_manager/internal/models/mocks/tasks.go:71.2,71.19 1 0
github.com/andres085/task_manager/internal/models/mocks/users.go:24.79,25.15 1 0
github.com/andres085/task_manager/internal/models/mocks/users.go:26.26,27.34 1 0
github.com/andres085/task_manager/internal/models/mocks/users.go:28.10,29.13 1 0
github.com/andres085/task_manager/internal/models/mocks/users.go:33.63,35.2 1 0
github.com/andres085/task_manager/internal/models/mocks/users.go:37.90,39.2 1 0
github.com/andres085/task_manager/internal/models/mocks/users.go:41.71,43.2 1 0
github.com/andres085/task_manager/internal/models/mocks/users.go:45.87,47.2 1 0
github.com/andres085/task_manager/internal/models/mocks/users.go:49.71,50.60 1 0
github.com/andres085/task_manager/internal/models/mocks/users.go:50.60,52.3 1 0
github.com/andres085/task_manager/internal/models/mocks/users.go:54.2,54.40 1 0
github.com/andres085/task_manager/internal/models/mocks/users.go:57.75,59.2 1 0
github.com/andres085/task_manager/internal/models/mocks/users.go:61.50,62.12 1 0
github.com/andres085/task_manager/internal/models/mocks/users.go:63.9,64.19 1 0
github.com/andres085/task_manager/internal/models/mocks/users.go:65.10,66.20 1 0
github.com/andres085/task_manager/internal/models/mocks/users.go:70.83,72.2 1 0
github.com/andres085/task_manager/internal/models/mocks/workspaces.go:21.85,23.2 1 0
github.com/andres085/task_manager/internal/models/mocks/workspaces.go:25.64,26.12 1 0
github.com/andres085/task_manager/internal/models/mocks/workspaces.go:27.9,28.33 1 0
github.com/andres085/task_manager/internal/models/mocks/workspaces.go:29.10,30.48 1 0
github.com/andres085/task_manager/internal/models/mocks/workspaces.go:34.86,36.2 1 0
github.com/andres085/task_manager/internal/models/mocks/workspaces.go:38.74,40.2 1 0
github.com/andres085/task_manager/internal/models/mocks/workspaces.go:42.54,44.2 1 0
github.com/andres085/task_manager/internal/models/mocks/workspaces.go:46.83,47.37 1 0
github.com/andres085/task_manager/internal/models/mocks/workspaces.go:47.37,49.3 1 0
github.com/andres085/task_manager/internal/models/mocks/workspaces.go:50.2,50.19 1 0
github.com/andres085/task_manager/internal/models/mocks/workspaces.go:53.79,54.37 1 0
github.com/andres085/task_manager/internal/models/mocks/workspaces.go:54.37,56.3 1 0
github.com/andres085/task_manager/internal/models/mocks/workspaces.go:57.2,57.19 1 0
github.com/andres085/task_manager/cmd/web/handlers.go:14.70,18.2 2 1
github.com/andres085/task_manager/cmd/web/handlers.go:20.74,22.26 2 1
github.com/andres085/task_manager/cmd/web/handlers.go:22.26,25.3 2 1
github.com/andres085/task_manager/cmd/web/handlers.go:27.2,28.16 2 1
github.com/andres085/task_manager/cmd/web/handlers.go:28.16,29.41 1 1
github.com/andres085/task_manager/cmd/web/handlers.go:29.41,32.4 2 1
github.com/andres085/task_manager/cmd/web/handlers.go:32.9,34.4 1 0
github.com/andres085/task_manager/cmd/web/handlers.go:35.3,35.9 1 1
github.com/andres085/task_manager/cmd/web/handlers.go:38.2,40.16 3 1
github.com/andres085/task_manager/cmd/web/handlers.go:40.16,42.3 1 0
github.com/andres085/task_manager/cmd/web/handlers.go:44.2,45.16 2 1
github.com/andres085/task_manager/cmd/web/handlers.go:45.16,47.3 1 0
github.com/andres085/task_manager/cmd/web/handlers.go:49.2,49.18 1 1
github.com/andres085/task_manager/cmd/web/handlers.go:49.18,52.3 2 0
github.com/andres085/task_manager/cmd/web/handlers.go:54.2,55.16 2 1
github.com/andres085/task_manager/cmd/web/handlers.go:55.16,58.3 2 0
github.com/andres085/task_manager/cmd/web/handlers.go:60.2,65.57 5 1
github.com/andres085/task_manager/cmd/web/handlers.go:68.77,70.35 2 1
github.com/andres085/task_manager/cmd/web/handlers.go:70.35,73.3 2 0
github.com/andres085/task_manager/cmd/web/handlers.go:75.2,83.16 8 1
github.com/andres085/task_manager/cmd/web/handlers.go:83.16,85.3 1 0
github.com/andres085/task_manager/cmd/web/handlers.go:87.2,90.16 3 1
github.com/andres085/task_manager/cmd/web/handlers.go:90.16,93.3 2 0
github.com/andres085/task_manager/cmd/web/handlers.go:95.2,96.16 2 1
github.com/andres085/task_manager/cmd/web/handlers.go:96.16,99.3 2 0
github.com/andres085/task_manager/cmd/web/handlers.go:101.2,114.58 12 1
github.com/andres085/task_manager/cmd/web/handlers.go:130.76,132.35 2 1
github.com/andres085/task_manager/cmd/web/handlers.go:132.35,135.3 2 0
github.com/andres085/task_manager/cmd/web/handlers.go:137.2,140.16 3 1
github.com/andres085/task_manager/cmd/web/handlers.go:140.16,143.3 2 0
github.com/andres085/task_manager/cmd/web/handlers.go:145.2,152.59 2 1
github.com/andres085/task_manager/cmd/web/handlers.go:155.80,160.16 3 1
github.com/andres085/task_manager/cmd/web/handlers.go:160.16,163.3 2 0
github.com/andres085/task_manager/cmd/web/handlers.go:165.2,169.19 4 1
github.com/andres085/task_manager/cmd/web/handlers.go:169.19,173.17 3 1
github.com/andres085/task_manager/cmd/web/handlers.go:173.17,176.4 2 0
github.com/andres085/task_manager/cmd/web/handlers.go:178.3,183.9 5 1
github.com/andres085/task_manager/cmd/web/handlers.go:186.2,187.16 2 1
github.com/andres085/task_manager/cmd/web/handlers.go:187.16,190.3 2 0
github.com/andres085/task_manager/cmd/web/handlers.go:192.2,194.76 2 1
github.com/andres085/task_manager/cmd/web/handlers.go:197.76,199.26 2 1
github.com/andres085/task_manager/cmd/web/handlers.go:199.26,202.3 2 0
github.com/andres085/task_manager/cmd/web/handlers.go:204.2,205.16 2 1
github.com/andres085/task_manager/cmd/web/handlers.go:205.16,206.41 1 0
github.com/andres085/task_manager/cmd/web/handlers.go:206.41,208.4 1 0
github.com/andres085/task_manager/cmd/web/handlers.go:208.9,210.4 1 0
github.com/andres085/task_manager/cmd/web/handlers.go:211.3,211.9 1 0
github.com/andres085/task_manager/cmd/web/handlers.go:214.2,215.16 2 1
github.com/andres085/task_manager/cmd/web/handlers.go:215.16,218.3 2 0
github.com/andres085/task_manager/cmd/web/handlers.go:220.2,223.38 3 1
github.com/andres085/task_manager/cmd/web/handlers.go:223.38,224.29 1 1
github.com/andres085/task_manager/cmd/web/handlers.go:224.29,227.4 2 0
github.com/andres085/task_manager/cmd/web/handlers.go:230.2,242.59 3 1
github.com/andres085/task_manager/cmd/web/handlers.go:245.80,247.26 2 1
github.com/andres085/task_manager/cmd/web/handlers.go:247.26,250.3 2 0
github.com/andres085/task_manager/cmd/web/handlers.go:252.2,254.16 3 1
github.com/andres085/task_manager/cmd/web/handlers.go:254.16,257.3 2 0
github.com/andres085/task_manager/cmd/web/handlers.go:259.2,259.18 1 1
github.com/andres085/task_manager/cmd/web/handlers.go:259.18,262.3 2 0
github.com/andres085/task_manager/cmd/web/handlers.go:264.2,267.16 3 1
github.com/andres085/task_manager/cmd/web/handlers.go:267.16,270.3 2 0
github.com/andres085/task_manager/cmd/web/handlers.go:272.2,276.19 4 1
github.com/andres085/task_manager/cmd/web/handlers.go:276.19,282.3 5 1
github.com/andres085/task_manager/cmd/web/handlers.go:284.2,285.16 2 1
github.com/andres085/task_manager/cmd/web/handlers.go:285.16,288.3 2 0
github.com/andres085/task_manager/cmd/web/handlers.go:290.2,290.76 1 1
github.com/andres085/task_manager/cmd/web/handlers.go:293.76,294.33 1 1
github.com/andres085/task_manager/cmd/web/handlers.go:294.33,297.3 2 0
github.com/andres085/task_manager/cmd/web/handlers.go:299.2,300.35 2 1
github.com/andres085/task_manager/cmd/web/handlers.go:300.35,303.3 2 0
github.com/andres085/task_manager/cmd/web/handlers.go:305.2,306.26 2 1
github.com/andres085/task_manager/cmd/web/handlers.go:306.26,309.3 2 0
github.com/andres085/task_manager/cmd/web/handlers.go:311.2,312.27 2 1
github.com/andres085/task_manager/cmd/web/handlers.go:312.27,315.3 2 0
github.com/andres085/task_manager/cmd/web/handlers.go:317.2,317.96 1 1
github.com/andres085/task_manager/cmd/web/handlers.go:320.70,322.2 1 1
github.com/andres085/task_manager/cmd/web/handlers.go:331.81,337.2 3 0
github.com/andres085/task_manager/cmd/web/handlers.go:339.85,343.16 3 0
github.com/andres085/task_manager/cmd/web/handlers.go:343.16,346.3 2 0
github.com/andres085/task_manager/cmd/web/handlers.go:348.2,353.19 5 0
github.com/andres085/task_manager/cmd/web/handlers.go:353.19,358.3 4 0
github.com/andres085/task_manager/cmd/web/handlers.go:360.2,363.16 3 0
github.com/andres085/task_manager/cmd/web/handlers.go:363.16,366.3 2 0
github.com/andres085/task_manager/cmd/web/handlers.go:368.2,370.81 2 0
github.com/andres085/task_manager/cmd/web/handlers.go:373.79,375.26 2 1
github.com/andres085/task_manager/cmd/web/handlers.go:375.26,378.3 2 0
github.com/andres085/task_manager/cmd/web/handlers.go:380.2,381.16 2 1
github.com/andres085/task_manager/cmd/web/handlers.go:381.16,382.41 1 0
github.com/andres085/task_manager/cmd/web/handlers.go:382.41,384.4 1 0
github.com/andres085/task_manager/cmd/web/handlers.go:384.9,386.4 1 0
github.com/andres085/task_manager/cmd/web/handlers.go:387.3,387.9 1 0
github.com/andres085/task_manager/cmd/web/handlers.go:390.2,392.16 3 1
github.com/andres085/task_manager/cmd/web/handlers.go:392.16,394.3 1 0
github.com/andres085/task_manager/cmd/web/handlers.go:396.2,397.16 2 1
github.com/andres085/task_manager/cmd/web/handlers.go:397.16,400.3 2 0
github.com/andres085/task_manager/cmd/web/handlers.go:402.2,407.62 5 1
github.com/andres085/task_manager/cmd/web/handlers.go:410.82,413.16 3 1
github.com/andres085/task_manager/cmd/web/handlers.go:413.16,416.3 2 0
github.com/andres085/task_manager/cmd/web/handlers.go:418.2,421.16 3 1
github.com/andres085/task_manager/cmd/web/handlers.go:421.16,424.3 2 0
github.com/andres085/task_manager/cmd/web/handlers.go:426.2,431.63 5 1
github.com/andres085/task_manager/cmd/web/handlers.go:434.81,436.26 2 1
github.com/andres085/task_manager/cmd/web/handlers.go:436.26,439.3 2 0
github.com/andres085/task_manager/cmd/web/handlers.go:441.2,442.16 2 1
github.com/andres085/task_manager/cmd/web/handlers.go:442.16,443.41 1 0
github.com/andres085/task_manager/cmd/web/handlers.go:443.41,445.4 1 0
github.com/andres085/task_manager/cmd/web/handlers.go:445.9,447.4 1 0
github.com/andres085/task_manager/cmd/web/handlers.go:448.3,448.9 1 0
github.com/andres085/task_manager/cmd/web/handlers.go:451.2,459.64 3 1
github.com/andres085/task_manager/cmd/web/handlers.go:462.85,464.9 2 1
github.com/andres085/task_manager/cmd/web/handlers.go:464.9,467.3 2 0
github.com/andres085/task_manager/cmd/web/handlers.go:469.2,470.35 2 1
github.com/andres085/task_manager/cmd/web/handlers.go:470.35,473.3 2 0
github.com/andres085/task_manager/cmd/web/handlers.go:475.2,478.16 3 1
github.com/andres085/task_manager/cmd/web/handlers.go:478.16,481.3 2 0
github.com/andres085/task_manager/cmd/web/handlers.go:483.2,488.19 5 1
github.com/andres085/task_manager/cmd/web/handlers.go:488.19,494.3 5 1
github.com/andres085/task_manager/cmd/web/handlers.go:496.2,497.16 2 1
github.com/andres085/task_manager/cmd/web/handlers.go:497.16,500.3 2 0
github.com/andres085/task_manager/cmd/web/handlers.go:502.2,502.14 1 1
github.com/andres085/task_manager/cmd/web/handlers.go:502.14,505.3 2 0
github.com/andres085/task_manager/cmd/web/handlers.go:507.2,508.16 2 1
github.com/andres085/task_manager/cmd/web/handlers.go:508.16,511.3 2 0
github.com/andres085/task_manager/cmd/web/handlers.go:513.2,513.90 1 1
github.com/andres085/task_manager/cmd/web/handlers.go:516.82,518.26 2 1
github.com/andres085/task_manager/cmd/web/handlers.go:518.26,521.3 2 0
github.com/andres085/task_manager/cmd/web/handlers.go:523.2,524.16 2 1
github.com/andres085/task_manager/cmd/web/handlers.go:524.16,525.41 1 0
github.com/andres085/task_manager/cmd/web/handlers.go:525.41,527.4 1 0
github.com/andres085/task_manager/cmd/web/handlers.go:527.9,529.4 1 0
github.com/andres085/task_manager/cmd/web/handlers.go:530.3,530.9 1 0
github.com/andres085/task_manager/cmd/web/handlers.go:533.2,536.17 3 1
github.com/andres085/task_manager/cmd/web/handlers.go:536.17,541.32 4 0
github.com/andres085/task_manager/cmd/web/handlers.go:541.32,544.4 2 0
github.com/andres085/task_manager/cmd/web/handlers.go:546.3,546.17 1 0
github.com/andres085/task_manager/cmd/web/handlers.go:546.17,547.42 1 0
github.com/andres085/task_manager/cmd/web/handlers.go:547.42,550.5 2 0
github.com/andres085/task_manager/cmd/web/handlers.go:550.10,552.5 1 0
github.com/andres085/task_manager/cmd/web/handlers.go:553.4,553.10 1 0
github.com/andres085/task_manager/cmd/web/handlers.go:557.2,558.16 2 1
github.com/andres085/task_manager/cmd/web/handlers.go:558.16,561.3 2 0
github.com/andres085/task_manager/cmd/web/handlers.go:563.2,568.63 5 1
github.com/andres085/task_manager/cmd/web/handlers.go:575.86,577.35 2 0
github.com/andres085/task_manager/cmd/web/handlers.go:577.35,580.3 2 0
github.com/andres085/task_manager/cmd/web/handlers.go:582.2,585.16 3 0
github.com/andres085/task_manager/cmd/web/handlers.go:585.16,588.3 2 0
github.com/andres085/task_manager/cmd/web/handlers.go:590.2,591.27 2 0
github.com/andres085/task_manager/cmd/web/handlers.go:591.27,594.3 2 0
github.com/andres085/task_manager/cmd/web/handlers.go:596.2,597.16 2 0
github.com/andres085/task_manager/cmd/web/handlers.go:597.16,600.3 2 0
github.com/andres085/task_manager/cmd/web/handlers.go:602.2,602.94 1 0
github.com/andres085/task_manager/cmd/web/handlers.go:605.89,607.35 2 0
github.com/andres085/task_manager/cmd/web/handlers.go:607.35,610.3 2 0
github.com/andres085/task_manager/cmd/web/handlers.go:612.2,613.35 2 0
github.com/andres085/task_manager/cmd/web/handlers.go:613.35,616.3 2 0
github.com/andres085/task_manager/cmd/web/handlers.go:618.2,619.27 2 0
github.com/andres085/task_manager/cmd/web/handlers.go:619.27,622.3 2 0
github.com/andres085/task_manager/cmd/web/handlers.go:624.2,624.94 1 0
github.com/andres085/task_manager/cmd/web/handlers.go:627.81,628.33 1 1
github.com/andres085/task_manager/cmd/web/handlers.go:628.33,631.3 2 0
github.com/andres085/task_manager/cmd/web/handlers.go:633.2,634.35 2 1
github.com/andres085/task_manager/cmd/web/handlers.go:634.35,637.3 2 0
github.com/andres085/task_manager/cmd/web/handlers.go:639.2,640.27 2 1
github.com/andres085/task_manager/cmd/web/handlers.go:640.27,643.3 2 0
github.com/andres085/task_manager/cmd/web/handlers.go:645.2,645.61 1 1
github.com/andres085/task_manager/cmd/web/handlers.go:656.76,662.2 3 1
github.com/andres085/task_manager/cmd/web/handlers.go:664.80,668.16 3 1
github.com/andres085/task_manager/cmd/web/handlers.go:668.16,671.3 2 0
github.com/andres085/task_manager/cmd/web/handlers.go:673.2,682.19 9 1
github.com/andres085/task_manager/cmd/web/handlers.go:682.19,687.3 4 1
github.com/andres085/task_manager/cmd/web/handlers.go:689.2,690.16 2 1
github.com/andres085/task_manager/cmd/web/handlers.go:690.16,693.3 2 0
github.com/andres085/task_manager/cmd/web/handlers.go:695.2,697.57 2 1
github.com/andres085/task_manager/cmd/web/handlers.go:706.75,711.2 3 1
github.com/andres085/task_manager/cmd/web/handlers.go:713.79,717.16 3 1
github.com/andres085/task_manager/cmd/web/handlers.go:717.16,720.3 2 0
github.com/andres085/task_manager/cmd/web/handlers.go:722.2,726.19 4 1
github.com/andres085/task_manager/cmd/web/handlers.go:726.19,731.3 4 1
github.com/andres085/task_manager/cmd/web/handlers.go:733.2,734.16 2 1
github.com/andres085/task_manager/cmd/web/handlers.go:734.16,735.51 1 0
github.com/andres085/task_manager/cmd/web/handlers.go:735.51,741.4 4 0
github.com/andres085/task_manager/cmd/web/handlers.go:741.9,743.4 1 0
github.com/andres085/task_manager/cmd/web/handlers.go:744.3,744.9 1 0
github.com/andres085/task_manager/cmd/web/handlers.go:747.2,748.16 2 1
github.com/andres085/task_manager/cmd/web/handlers.go:748.16,751.3 2 0
github.com/andres085/task_manager/cmd/web/handlers.go:753.2,755.61 2 1
github.com/andres085/task_manager/cmd/web/handlers.go:758.80,760.16 2 0
github.com/andres085/task_manager/cmd/web/handlers.go:760.16,763.3 2 0
github.com/andres085/task_manager/cmd/web/handlers.go:765.2,769.47 3 0
github.com/andres085/task_manager/cmd/web/helpers.go:16.88,25.2 3 1
github.com/andres085/task_manager/cmd/web/helpers.go:27.72,29.2 1 0
github.com/andres085/task_manager/cmd/web/helpers.go:31.116,33.9 2 1
github.com/andres085/task_manager/cmd/web/helpers.go:33.9,37.3 3 0
github.com/andres085/task_manager/cmd/web/helpers.go:39.2,41.16 3 1
github.com/andres085/task_manager/cmd/web/helpers.go:41.16,44.3 2 0
github.com/andres085/task_manager/cmd/web/helpers.go:46.2,48.16 2 1
github.com/andres085/task_manager/cmd/web/helpers.go:51.63,53.9 2 1
github.com/andres085/task_manager/cmd/web/helpers.go:53.9,55.3 1 1
github.com/andres085/task_manager/cmd/web/helpers.go:57.2,57.24 1 1
github.com/andres085/task_manager/cmd/web/helpers.go:60.71,67.2 1 1
github.com/andres085/task_manager/cmd/web/helpers.go:69.72,71.16 2 1
github.com/andres085/task_manager/cmd/web/helpers.go:71.16,73.3 1 0
github.com/andres085/task_manager/cmd/web/helpers.go:75.2,76.16 2 1
github.com/andres085/task_manager/cmd/web/helpers.go:76.16,79.43 2 0
github.com/andres085/task_manager/cmd/web/helpers.go:79.43,80.14 1 0
github.com/andres085/task_manager/cmd/web/helpers.go:83.3,83.13 1 0
github.com/andres085/task_manager/cmd/web/helpers.go:86.2,86.12 1 1
github.com/andres085/task_manager/cmd/web/helpers.go:89.114,91.16 2 1
github.com/andres085/task_manager/cmd/web/helpers.go:91.16,93.3 1 0
github.com/andres085/task_manager/cmd/web/helpers.go:95.2,98.38 3 1
github.com/andres085/task_manager/cmd/web/helpers.go:98.38,99.27 1 1
github.com/andres085/task_manager/cmd/web/helpers.go:99.27,102.4 2 1
github.com/andres085/task_manager/cmd/web/helpers.go:105.2,105.37 1 1
github.com/andres085/task_manager/cmd/web/main.go:30.13,39.16 6 0
github.com/andres085/task_manager/cmd/web/main.go:39.16,42.3 2 0
github.com/andres085/task_manager/cmd/web/main.go:44.2,47.16 3 0
github.com/andres085/task_manager/cmd/web/main.go:47.16,50.3 2 0
github.com/andres085/task_manager/cmd/web/main.go:52.2,87.12 12 0
github.com/andres085/task_manager/cmd/web/main.go:90.42,92.16 2 0
github.com/andres085/task_manager/cmd/web/main.go:92.16,94.3 1 0
github.com/andres085/task_manager/cmd/web/main.go:96.2,97.16 2 0
github.com/andres085/task_manager/cmd/web/main.go:97.16,100.3 2 0
github.com/andres085/task_manager/cmd/web/main.go:102.2,102.16 1 0
github.com/andres085/task_manager/cmd/web/middleware.go:12.52,13.71 1 1
github.com/andres085/task_manager/cmd/web/middleware.go:13.71,25.3 7 1
github.com/andres085/task_manager/cmd/web/middleware.go:28.68,29.71 1 1
github.com/andres085/task_manager/cmd/web/middleware.go:29.71,40.3 3 1
github.com/andres085/task_manager/cmd/web/middleware.go:43.70,44.71 1 1
github.com/andres085/task_manager/cmd/web/middleware.go:44.71,45.16 1 1
github.com/andres085/task_manager/cmd/web/middleware.go:45.16,46.36 1 1
github.com/andres085/task_manager/cmd/web/middleware.go:46.36,49.5 2 1
github.com/andres085/task_manager/cmd/web/middleware.go:52.3,52.23 1 1
github.com/andres085/task_manager/cmd/web/middleware.go:56.79,57.71 1 1
github.com/andres085/task_manager/cmd/web/middleware.go:57.71,58.30 1 1
github.com/andres085/task_manager/cmd/web/middleware.go:58.30,61.4 2 1
github.com/andres085/task_manager/cmd/web/middleware.go:63.3,65.23 2 1
github.com/andres085/task_manager/cmd/web/middleware.go:69.45,78.2 3 1
github.com/andres085/task_manager/cmd/web/middleware.go:80.70,81.71 1 1
github.com/andres085/task_manager/cmd/web/middleware.go:81.71,83.14 2 1
github.com/andres085/task_manager/cmd/web/middleware.go:83.14,86.4 2 1
github.com/andres085/task_manager/cmd/web/middleware.go:88.3,89.17 2 1
github.com/andres085/task_manager/cmd/web/middleware.go:89.17,92.4 2 0
github.com/andres085/task_manager/cmd/web/middleware.go:94.3,94.13 1 1
github.com/andres085/task_manager/cmd/web/middleware.go:94.13,98.4 3 1
github.com/andres085/task_manager/cmd/web/middleware.go:100.3,100.23 1 1
github.com/andres085/task_manager/cmd/web/middleware.go:104.82,105.71 1 1
github.com/andres085/task_manager/cmd/web/middleware.go:105.71,107.18 2 1
github.com/andres085/task_manager/cmd/web/middleware.go:107.18,110.4 2 1
github.com/andres085/task_manager/cmd/web/middleware.go:112.3,113.36 2 1
github.com/andres085/task_manager/cmd/web/middleware.go:113.36,116.4 2 1
github.com/andres085/task_manager/cmd/web/middleware.go:118.3,119.17 2 1
github.com/andres085/task_manager/cmd/web/middleware.go:119.17,122.4 2 0
github.com/andres085/task_manager/cmd/web/middleware.go:124.3,124.15 1 1
github.com/andres085/task_manager/cmd/web/middleware.go:124.15,127.4 2 1
github.com/andres085/task_manager/cmd/web/middleware.go:128.3,128.23 1 1
github.com/andres085/task_manager/cmd/web/middleware.go:132.77,133.71 1 1
github.com/andres085/task_manager/cmd/web/middleware.go:133.71,135.18 2 1
github.com/andres085/task_manager/cmd/web/middleware.go:135.18,138.4 2 1
github.com/andres085/task_manager/cmd/web/middleware.go:140.3,141.36 2 1
github.com/andres085/task_manager/cmd/web/middleware.go:141.36,144.4 2 1
github.com/andres085/task_manager/cmd/web/middleware.go:146.3,147.17 2 1
github.com/andres085/task_manager/cmd/web/middleware.go:147.17,150.4 2 0
github.com/andres085/task_manager/cmd/web/middleware.go:152.3,152.15 1 1
github.com/andres085/task_manager/cmd/web/middleware.go:152.15,155.4 2 1
github.com/andres085/task_manager/cmd/web/middleware.go:156.3,156.23 1 1
github.com/andres085/task_manager/cmd/web/middleware.go:160.72,161.71 1 1
github.com/andres085/task_manager/cmd/web/middleware.go:161.71,163.18 2 1
github.com/andres085/task_manager/cmd/web/middleware.go:163.18,166.4 2 0
github.com/andres085/task_manager/cmd/web/middleware.go:168.3,169.31 2 1
github.com/andres085/task_manager/cmd/web/middleware.go:169.31,172.4 2 0
github.com/andres085/task_manager/cmd/web/middleware.go:174.3,175.17 2 1
github.com/andres085/task_manager/cmd/web/middleware.go:175.17,178.4 2 0
github.com/andres085/task_manager/cmd/web/middleware.go:180.3,180.15 1 1
github.com/andres085/task_manager/cmd/web/middleware.go:180.15,183.4 2 0
github.com/andres085/task_manager/cmd/web/middleware.go:184.3,184.23 1 1
github.com/andres085/task_manager/cmd/web/routes.go:10.47,53.2 33 1
github.com/andres085/task_manager/cmd/web/templates.go:39.36,40.16 1 1
github.com/andres085/task_manager/cmd/web/templates.go:40.16,42.3 1 1
github.com/andres085/task_manager/cmd/web/templates.go:44.2,44.47 1 1
github.com/andres085/task_manager/cmd/web/templates.go:47.33,49.30 2 1
github.com/andres085/task_manager/cmd/web/templates.go:49.30,51.3 1 0
github.com/andres085/task_manager/cmd/web/templates.go:52.2,52.14 1 1
github.com/andres085/task_manager/cmd/web/templates.go:55.24,57.2 1 0
github.com/andres085/task_manager/cmd/web/templates.go:59.24,61.2 1 0
github.com/andres085/task_manager/cmd/web/templates.go:70.64,74.16 3 1
github.com/andres085/task_manager/cmd/web/templates.go:74.16,76.3 1 0
github.com/andres085/task_manager/cmd/web/templates.go:78.2,78.29 1 1
github.com/andres085/task_manager/cmd/web/templates.go:78.29,89.17 4 1
github.com/andres085/task_manager/cmd/web/templates.go:89.17,91.4 1 0
github.com/andres085/task_manager/cmd/web/templates.go:93.3,93.19 1 1
github.com/andres085/task_manager/cmd/web/templates.go:96.2,96.19 1 1
github.com/andres085/task_manager/cmd/web/templates.go:99.77,101.30 2 1
github.com/andres085/task_manager/cmd/web/templates.go:101.30,103.3 1 1
github.com/andres085/task_manager/cmd/web/templates.go:105.2,106.28 2 1
github.com/andres085/task_manager/cmd/web/templates.go:106.28,108.3 1 1
github.com/andres085/task_manager/cmd/web/templates.go:110.2,112.28 2 1
github.com/andres085/task_manager/internal/assert/assert.go:8.60,11.24 2 1
github.com/andres085/task_manager/internal/assert/assert.go:11.24,13.3 1 0
github.com/andres085/task_manager/internal/assert/assert.go:16.69,19.50 2 1
github.com/andres085/task_manager/internal/assert/assert.go:19.50,21.3 1 0
github.com/andres085/task_manager/internal/assert/assert.go:24.43,27.19 2 0
github.com/andres085/task_manager/internal/assert/assert.go:27.19,29.3 1 0
github.com/andres085/task_manager/internal/models/mocks/logger.go:13.73,15.2 1 1
github.com/andres085/task_manager/internal/models/mocks/logger.go:17.70,21.2 3 1
github.com/andres085/task_manager/internal/models/mocks/logger.go:23.63,25.2 1 0
github.com/andres085/task_manager/internal/models/mocks/logger.go:27.57,29.2 1 0
github.com/andres085/task_manager/internal/models/mocks/tasks.go:31.99,33.2 1 1
github.com/andres085/task_manager/internal/models/mocks/tasks.go:35.54,36.12 1 1
github.com/andres085/task_manager/internal/models/mocks/tasks.go:37.9,38.28 1 1
github.com/andres085/task_manager/internal/models/mocks/tasks.go:39.10,40.43 1 1
github.com/andres085/task_manager/internal/models/mocks/tasks.go:44.112,46.2 1 1
github.com/andres085/task_manager/internal/models/mocks/tasks.go:48.97,50.2 1 1
github.com/andres085/task_manager/internal/models/mocks/tasks.go:52.102,54.2 1 1
github.com/andres085/task_manager/internal/models/mocks/tasks.go:56.49,58.2 1 1
github.com/andres085/task_manager/internal/models/mocks/tasks.go:60.73,61.32 1 1
github.com/andres085/task_manager/internal/models/mocks/tasks.go:61.32,63.3 1 1
github.com/andres085/task_manager/internal/models/mocks/tasks.go:64.2,64.19 1 0
github.com/andres085/task_manager/internal/models/mocks/tasks.go:67.69,68.32 1 1
github.com/andres085/task_manager/internal/models/mocks/tasks.go:68.32,70.3 1 1
github.com/andres085/task_manager/internal/models/mocks/tasks.go:71.2,71.19 1 0
github.com/andres085/task_manager/internal/models/mocks/users.go:24.79,25.15 1 1
github.com/andres085/task_manager/internal/models/mocks/users.go:26.26,27.34 1 0
github.com/andres085/task_manager/internal/models/mocks/users.go:28.10,29.13 1 1
github.com/andres085/task_manager/internal/models/mocks/users.go:33.63,35.2 1 1
github.com/andres085/task_manager/internal/models/mocks/users.go:37.90,39.2 1 0
github.com/andres085/task_manager/internal/models/mocks/users.go:41.71,43.2 1 0
github.com/andres085/task_manager/internal/models/mocks/users.go:45.87,47.2 1 1
github.com/andres085/task_manager/internal/models/mocks/users.go:49.71,50.60 1 1
github.com/andres085/task_manager/internal/models/mocks/users.go:50.60,52.3 1 1
github.com/andres085/task_manager/internal/models/mocks/users.go:54.2,54.40 1 0
github.com/andres085/task_manager/internal/models/mocks/users.go:57.75,59.2 1 0
github.com/andres085/task_manager/internal/models/mocks/users.go:61.50,62.12 1 1
github.com/andres085/task_manager/internal/models/mocks/users.go:63.9,64.19 1 1
github.com/andres085/task_manager/internal/models/mocks/users.go:65.10,66.20 1 1
github.com/andres085/task_manager/internal/models/mocks/users.go:70.83,72.2 1 0
github.com/andres085/task_manager/internal/models/mocks/workspaces.go:21.85,23.2 1 0
github.com/andres085/task_manager/internal/models/mocks/workspaces.go:25.64,26.12 1 1
github.com/andres085/task_manager/internal/models/mocks/workspaces.go:27.9,28.33 1 1
github.com/andres085/task_manager/internal/models/mocks/workspaces.go:29.10,30.48 1 0
github.com/andres085/task_manager/internal/models/mocks/workspaces.go:34.86,36.2 1 1
github.com/andres085/task_manager/internal/models/mocks/workspaces.go:38.74,40.2 1 1
github.com/andres085/task_manager/internal/models/mocks/workspaces.go:42.54,44.2 1 1
github.com/andres085/task_manager/internal/models/mocks/workspaces.go:46.83,47.37 1 1
github.com/andres085/task_manager/internal/models/mocks/workspaces.go:47.37,49.3 1 1
github.com/andres085/task_manager/internal/models/mocks/workspaces.go:50.2,50.19 1 1
github.com/andres085/task_manager/internal/models/mocks/workspaces.go:53.79,54.37 1 1
github.com/andres085/task_manager/internal/models/mocks/workspaces.go:54.37,56.3 1 1
github.com/andres085/task_manager/internal/models/mocks/workspaces.go:57.2,57.19 1 1
github.com/andres085/task_manager/internal/validator/validator.go:15.34,17.2 1 1
github.com/andres085/task_manager/internal/validator/validator.go:19.56,20.26 1 1
github.com/andres085/task_manager/internal/validator/validator.go:20.26,22.3 1 1
github.com/andres085/task_manager/internal/validator/validator.go:24.2,24.46 1 1
github.com/andres085/task_manager/internal/validator/validator.go:24.46,26.3 1 1
github.com/andres085/task_manager/internal/validator/validator.go:29.62,30.9 1 1
github.com/andres085/task_manager/internal/validator/validator.go:30.9,32.3 1 1
github.com/andres085/task_manager/internal/validator/validator.go:35.34,37.2 1 1
github.com/andres085/task_manager/internal/validator/validator.go:39.41,41.2 1 1
github.com/andres085/task_manager/internal/validator/validator.go:43.71,45.2 1 0
github.com/andres085/task_manager/internal/validator/validator.go:49.41,51.2 1 1
github.com/andres085/task_manager/internal/validator/validator.go:53.52,55.2 1 1
github.com/andres085/task_manager/internal/validator/validator.go:57.54,59.2 1 0
github.com/andres085/task_manager/internal/assert/assert.go:8.60,11.24 2 1
github.com/andres085/task_manager/internal/assert/assert.go:11.24,13.3 1 0
github.com/andres085/task_manager/internal/assert/assert.go:16.69,19.50 2 0
github.com/andres085/task_manager/internal/assert/assert.go:19.50,21.3 1 0
github.com/andres085/task_manager/internal/assert/assert.go:24.43,27.19 2 1
github.com/andres085/task_manager/internal/assert/assert.go:27.19,29.3 1 0
github.com/andres085/task_manager/internal/models/tasks.go:37.99,41.16 3 1
github.com/andres085/task_manager/internal/models/tasks.go:41.16,43.3 1 0
github.com/andres085/task_manager/internal/models/tasks.go:45.2,46.16 2 1
github.com/andres085/task_manager/internal/models/tasks.go:46.16,48.3 1 0
github.com/andres085/task_manager/internal/models/tasks.go:50.2,50.21 1 1
github.com/andres085/task_manager/internal/models/tasks.go:53.47,59.16 4 1
github.com/andres085/task_manager/internal/models/tasks.go:59.16,60.36 1 0
github.com/andres085/task_manager/internal/models/tasks.go:60.36,62.4 1 0
github.com/andres085/task_manager/internal/models/tasks.go:62.9,64.4 1 0
github.com/andres085/task_manager/internal/models/tasks.go:67.2,67.15 1 1
github.com/andres085/task_manager/internal/models/tasks.go:70.114,87.16 5 1
github.com/andres085/task_manager/internal/models/tasks.go:87.16,89.3 1 0
github.com/andres085/task_manager/internal/models/tasks.go:91.2,95.18 3 1
github.com/andres085/task_manager/internal/models/tasks.go:95.18,99.17 3 1
github.com/andres085/task_manager/internal/models/tasks.go:99.17,101.4 1 0
github.com/andres085/task_manager/internal/models/tasks.go:103.3,103.27 1 1
github.com/andres085/task_manager/internal/models/tasks.go:106.2,106.34 1 1
github.com/andres085/task_manager/internal/models/tasks.go:106.34,108.3 1 0
github.com/andres085/task_manager/internal/models/tasks.go:110.2,110.19 1 1
github.com/andres085/task_manager/internal/models/tasks.go:113.97,120.17 4 0
github.com/andres085/task_manager/internal/models/tasks.go:120.17,123.3 2 0
github.com/andres085/task_manager/internal/models/tasks.go:124.2,124.20 1 0
github.com/andres085/task_manager/internal/models/tasks.go:124.20,127.3 2 0
github.com/andres085/task_manager/internal/models/tasks.go:128.2,128.18 1 0
github.com/andres085/task_manager/internal/models/tasks.go:128.18,131.3 2 0
github.com/andres085/task_manager/internal/models/tasks.go:133.2,134.16 2 0
github.com/andres085/task_manager/internal/models/tasks.go:134.16,136.3 1 0
github.com/andres085/task_manager/internal/models/tasks.go:138.2,138.24 1 0
github.com/andres085/task_manager/internal/models/tasks.go:141.102,144.27 2 1
github.com/andres085/task_manager/internal/models/tasks.go:144.27,147.3 2 1
github.com/andres085/task_manager/internal/models/tasks.go:147.8,149.3 1 1
github.com/andres085/task_manager/internal/models/tasks.go:151.2,154.16 3 1
github.com/andres085/task_manager/internal/models/tasks.go:154.16,156.3 1 0
github.com/andres085/task_manager/internal/models/tasks.go:158.2,158.12 1 1
github.com/andres085/task_manager/internal/models/tasks.go:161.49,165.16 3 1
github.com/andres085/task_manager/internal/models/tasks.go:165.16,167.3 1 0
github.com/andres085/task_manager/internal/models/tasks.go:169.2,171.16 3 1
github.com/andres085/task_manager/internal/models/tasks.go:171.16,173.3 1 0
github.com/andres085/task_manager/internal/models/tasks.go:175.2,175.20 1 1
github.com/andres085/task_manager/internal/models/tasks.go:178.73,185.2 4 1
github.com/andres085/task_manager/internal/models/tasks.go:187.69,194.2 4 1
github.com/andres085/task_manager/internal/models/tasks.go:196.94,200.40 3 1
github.com/andres085/task_manager/internal/models/tasks.go:200.40,202.39 1 1
github.com/andres085/task_manager/internal/models/tasks.go:202.39,205.4 2 0
github.com/andres085/task_manager/internal/models/tasks.go:206.3,206.42 1 1
github.com/andres085/task_manager/internal/models/tasks.go:206.42,209.4 2 0
github.com/andres085/task_manager/internal/models/tasks.go:210.3,210.40 1 1
github.com/andres085/task_manager/internal/models/tasks.go:210.40,213.4 2 0
github.com/andres085/task_manager/internal/models/tasks.go:216.2,217.37 2 1
github.com/andres085/task_manager/internal/models/tasks.go:217.37,219.3 1 1
github.com/andres085/task_manager/internal/models/tasks.go:221.2,224.23 3 1
github.com/andres085/task_manager/internal/models/users.go:38.79,40.16 2 1
github.com/andres085/task_manager/internal/models/users.go:40.16,42.3 1 0
github.com/andres085/task_manager/internal/models/users.go:44.2,47.16 3 1
github.com/andres085/task_manager/internal/models/users.go:47.16,49.34 2 0
github.com/andres085/task_manager/internal/models/users.go:49.34,50.91 1 0
github.com/andres085/task_manager/internal/models/users.go:50.91,52.5 1 0
github.com/andres085/task_manager/internal/models/users.go:54.3,54.13 1 0
github.com/andres085/task_manager/internal/models/users.go:56.2,56.12 1 1
github.com/andres085/task_manager/internal/models/users.go:59.56,65.16 4 0
github.com/andres085/task_manager/internal/models/users.go:65.16,66.36 1 0
github.com/andres085/task_manager/internal/models/users.go:66.36,68.4 1 0
github.com/andres085/task_manager/internal/models/users.go:68.9,70.4 1 0
github.com/andres085/task_manager/internal/models/users.go:73.2,73.16 1 0
github.com/andres085/task_manager/internal/models/users.go:76.83,82.16 4 0
github.com/andres085/task_manager/internal/models/users.go:82.16,83.36 1 0
github.com/andres085/task_manager/internal/models/users.go:83.36,85.4 1 0
github.com/andres085/task_manager/internal/models/users.go:85.9,87.4 1 0
github.com/andres085/task_manager/internal/models/users.go:90.2,90.16 1 0
github.com/andres085/task_manager/internal/models/users.go:93.75,99.16 4 0
github.com/andres085/task_manager/internal/models/users.go:99.16,101.3 1 0
github.com/andres085/task_manager/internal/models/users.go:103.2,103.29 1 0
github.com/andres085/task_manager/internal/models/users.go:114.80,118.16 3 0
github.com/andres085/task_manager/internal/models/users.go:118.16,120.3 1 0
github.com/andres085/task_manager/internal/models/users.go:122.2,126.18 3 0
github.com/andres085/task_manager/internal/models/users.go:126.18,130.17 3 0
github.com/andres085/task_manager/internal/models/users.go:130.17,132.4 1 0
github.com/andres085/task_manager/internal/models/users.go:134.3,134.27 1 0
github.com/andres085/task_manager/internal/models/users.go:137.2,137.34 1 0
github.com/andres085/task_manager/internal/models/users.go:137.34,139.3 1 0
github.com/andres085/task_manager/internal/models/users.go:141.2,141.19 1 0
github.com/andres085/task_manager/internal/models/users.go:145.71,149.16 3 0
github.com/andres085/task_manager/internal/models/users.go:149.16,151.3 1 0
github.com/andres085/task_manager/internal/models/users.go:153.2,153.12 1 0
github.com/andres085/task_manager/internal/models/users.go:156.71,163.16 5 1
github.com/andres085/task_manager/internal/models/users.go:163.16,164.36 1 0
github.com/andres085/task_manager/internal/models/users.go:164.36,166.4 1 0
github.com/andres085/task_manager/internal/models/users.go:167.3,167.16 1 0
github.com/andres085/task_manager/internal/models/users.go:170.2,171.16 2 1
github.com/andres085/task_manager/internal/models/users.go:171.16,172.58 1 0
github.com/andres085/task_manager/internal/models/users.go:172.58,174.4 1 0
github.com/andres085/task_manager/internal/models/users.go:174.9,176.4 1 0
github.com/andres085/task_manager/internal/models/users.go:179.2,179.16 1 1
github.com/andres085/task_manager/internal/models/users.go:182.50,189.2 4 0
github.com/andres085/task_manager/internal/models/users.go:191.83,196.16 3 0
github.com/andres085/task_manager/internal/models/users.go:196.16,198.3 1 0
github.com/andres085/task_manager/internal/models/users.go:200.2,202.16 3 0
github.com/andres085/task_manager/internal/models/users.go:202.16,204.3 1 0
github.com/andres085/task_manager/internal/models/users.go:206.2,206.20 1 0
github.com/andres085/task_manager/internal/models/workspaces.go:30.85,34.16 3 1
github.com/andres085/task_manager/internal/models/workspaces.go:34.16,36.3 1 0
github.com/andres085/task_manager/internal/models/workspaces.go:38.2,39.16 2 1
github.com/andres085/task_manager/internal/models/workspaces.go:39.16,41.3 1 0
github.com/andres085/task_manager/internal/models/workspaces.go:43.2,45.16 3 1
github.com/andres085/task_manager/internal/models/workspaces.go:45.16,47.3 1 0
github.com/andres085/task_manager/internal/models/workspaces.go:49.2,49.30 1 1
github.com/andres085/task_manager/internal/models/workspaces.go:52.57,58.16 4 1
github.com/andres085/task_manager/internal/models/workspaces.go:58.16,59.36 1 0
github.com/andres085/task_manager/internal/models/workspaces.go:59.36,61.4 1 0
github.com/andres085/task_manager/internal/models/workspaces.go:61.9,63.4 1 0
github.com/andres085/task_manager/internal/models/workspaces.go:66.2,66.15 1 1
github.com/andres085/task_manager/internal/models/workspaces.go:69.79,73.16 3 1
github.com/andres085/task_manager/internal/models/workspaces.go:73.16,75.3 1 0
github.com/andres085/task_manager/internal/models/workspaces.go:77.2,81.18 3 1
github.com/andres085/task_manager/internal/models/workspaces.go:81.18,85.17 3 1
github.com/andres085/task_manager/internal/models/workspaces.go:85.17,87.4 1 0
github.com/andres085/task_manager/internal/models/workspaces.go:89.3,89.37 1 1
github.com/andres085/task_manager/internal/models/workspaces.go:92.2,92.34 1 1
github.com/andres085/task_manager/internal/models/workspaces.go:92.34,94.3 1 0
github.com/andres085/task_manager/internal/models/workspaces.go:96.2,96.24 1 1
github.com/andres085/task_manager/internal/models/workspaces.go:99.74,103.16 3 1
github.com/andres085/task_manager/internal/models/workspaces.go:103.16,105.3 1 0
github.com/andres085/task_manager/internal/models/workspaces.go:107.2,107.12 1 1
github.com/andres085/task_manager/internal/models/workspaces.go:110.54,114.16 3 1
github.com/andres085/task_manager/internal/models/workspaces.go:114.16,116.3 1 0
github.com/andres085/task_manager/internal/models/workspaces.go:118.2,120.16 3 1
github.com/andres085/task_manager/internal/models/workspaces.go:120.16,122.3 1 0
github.com/andres085/task_manager/internal/models/workspaces.go:124.2,124.20 1 1
github.com/andres085/task_manager/internal/models/workspaces.go:127.83,134.2 4 1
github.com/andres085/task_manager/internal/models/workspaces.go:136.79,143.2 4 1
