mode: set
github.com/andres085/task_manager/cmd/web/handlers.go:14.70,18.2 2 1
github.com/andres085/task_manager/cmd/web/handlers.go:20.74,22.26 2 1
github.com/andres085/task_manager/cmd/web/handlers.go:22.26,25.3 2 1
github.com/andres085/task_manager/cmd/web/handlers.go:27.2,28.16 2 1
github.com/andres085/task_manager/cmd/web/handlers.go:28.16,29.41 1 0
github.com/andres085/task_manager/cmd/web/handlers.go:29.41,31.4 1 0
github.com/andres085/task_manager/cmd/web/handlers.go:31.9,33.4 1 0
github.com/andres085/task_manager/cmd/web/handlers.go:34.3,34.9 1 0
github.com/andres085/task_manager/cmd/web/handlers.go:37.2,39.16 3 1
github.com/andres085/task_manager/cmd/web/handlers.go:39.16,41.3 1 0
github.com/andres085/task_manager/cmd/web/handlers.go:43.2,47.57 4 1
github.com/andres085/task_manager/cmd/web/handlers.go:50.77,52.35 2 1
github.com/andres085/task_manager/cmd/web/handlers.go:52.35,55.3 2 0
github.com/andres085/task_manager/cmd/web/handlers.go:57.2,65.16 8 1
github.com/andres085/task_manager/cmd/web/handlers.go:65.16,67.3 1 0
github.com/andres085/task_manager/cmd/web/handlers.go:69.2,72.16 3 1
github.com/andres085/task_manager/cmd/web/handlers.go:72.16,75.3 2 0
github.com/andres085/task_manager/cmd/web/handlers.go:77.2,78.16 2 1
github.com/andres085/task_manager/cmd/web/handlers.go:78.16,81.3 2 0
github.com/andres085/task_manager/cmd/web/handlers.go:83.2,96.58 12 1
github.com/andres085/task_manager/cmd/web/handlers.go:112.76,114.35 2 1
github.com/andres085/task_manager/cmd/web/handlers.go:114.35,117.3 2 0
github.com/andres085/task_manager/cmd/web/handlers.go:119.2,122.16 3 1
github.com/andres085/task_manager/cmd/web/handlers.go:122.16,125.3 2 0
github.com/andres085/task_manager/cmd/web/handlers.go:127.2,134.59 2 1
github.com/andres085/task_manager/cmd/web/handlers.go:137.80,141.16 3 1
github.com/andres085/task_manager/cmd/web/handlers.go:141.16,144.3 2 0
github.com/andres085/task_manager/cmd/web/handlers.go:146.2,150.19 4 1
github.com/andres085/task_manager/cmd/web/handlers.go:150.19,154.17 3 1
github.com/andres085/task_manager/cmd/web/handlers.go:154.17,157.4 2 0
github.com/andres085/task_manager/cmd/web/handlers.go:159.3,164.9 5 1
github.com/andres085/task_manager/cmd/web/handlers.go:167.2,168.16 2 1
github.com/andres085/task_manager/cmd/web/handlers.go:168.16,171.3 2 0
github.com/andres085/task_manager/cmd/web/handlers.go:173.2,175.76 2 1
github.com/andres085/task_manager/cmd/web/handlers.go:178.76,180.26 2 1
github.com/andres085/task_manager/cmd/web/handlers.go:180.26,183.3 2 0
github.com/andres085/task_manager/cmd/web/handlers.go:185.2,186.16 2 1
github.com/andres085/task_manager/cmd/web/handlers.go:186.16,187.41 1 0
github.com/andres085/task_manager/cmd/web/handlers.go:187.41,189.4 1 0
github.com/andres085/task_manager/cmd/web/handlers.go:189.9,191.4 1 0
github.com/andres085/task_manager/cmd/web/handlers.go:192.3,192.9 1 0
github.com/andres085/task_manager/cmd/web/handlers.go:195.2,196.16 2 1
github.com/andres085/task_manager/cmd/web/handlers.go:196.16,199.3 2 0
github.com/andres085/task_manager/cmd/web/handlers.go:201.2,204.38 3 1
github.com/andres085/task_manager/cmd/web/handlers.go:204.38,205.29 1 1
github.com/andres085/task_manager/cmd/web/handlers.go:205.29,208.4 2 0
github.com/andres085/task_manager/cmd/web/handlers.go:211.2,223.59 3 1
github.com/andres085/task_manager/cmd/web/handlers.go:226.80,228.26 2 1
github.com/andres085/task_manager/cmd/web/handlers.go:228.26,231.3 2 0
github.com/andres085/task_manager/cmd/web/handlers.go:233.2,236.16 3 1
github.com/andres085/task_manager/cmd/web/handlers.go:236.16,239.3 2 0
github.com/andres085/task_manager/cmd/web/handlers.go:241.2,245.19 4 1
github.com/andres085/task_manager/cmd/web/handlers.go:245.19,251.3 5 1
github.com/andres085/task_manager/cmd/web/handlers.go:253.2,254.16 2 1
github.com/andres085/task_manager/cmd/web/handlers.go:254.16,257.3 2 0
github.com/andres085/task_manager/cmd/web/handlers.go:259.2,259.76 1 1
github.com/andres085/task_manager/cmd/web/handlers.go:262.76,263.33 1 1
github.com/andres085/task_manager/cmd/web/handlers.go:263.33,266.3 2 0
github.com/andres085/task_manager/cmd/web/handlers.go:268.2,269.35 2 1
github.com/andres085/task_manager/cmd/web/handlers.go:269.35,272.3 2 0
github.com/andres085/task_manager/cmd/web/handlers.go:274.2,275.26 2 1
github.com/andres085/task_manager/cmd/web/handlers.go:275.26,278.3 2 0
github.com/andres085/task_manager/cmd/web/handlers.go:280.2,281.27 2 1
github.com/andres085/task_manager/cmd/web/handlers.go:281.27,284.3 2 0
github.com/andres085/task_manager/cmd/web/handlers.go:286.2,286.96 1 1
github.com/andres085/task_manager/cmd/web/handlers.go:289.70,291.2 1 1
github.com/andres085/task_manager/cmd/web/handlers.go:300.81,306.2 3 0
github.com/andres085/task_manager/cmd/web/handlers.go:308.85,312.16 3 0
github.com/andres085/task_manager/cmd/web/handlers.go:312.16,315.3 2 0
github.com/andres085/task_manager/cmd/web/handlers.go:317.2,322.19 5 0
github.com/andres085/task_manager/cmd/web/handlers.go:322.19,327.3 4 0
github.com/andres085/task_manager/cmd/web/handlers.go:329.2,332.16 3 0
github.com/andres085/task_manager/cmd/web/handlers.go:332.16,335.3 2 0
github.com/andres085/task_manager/cmd/web/handlers.go:337.2,339.81 2 0
github.com/andres085/task_manager/cmd/web/handlers.go:342.79,344.26 2 1
github.com/andres085/task_manager/cmd/web/handlers.go:344.26,347.3 2 0
github.com/andres085/task_manager/cmd/web/handlers.go:349.2,350.16 2 1
github.com/andres085/task_manager/cmd/web/handlers.go:350.16,351.41 1 0
github.com/andres085/task_manager/cmd/web/handlers.go:351.41,353.4 1 0
github.com/andres085/task_manager/cmd/web/handlers.go:353.9,355.4 1 0
github.com/andres085/task_manager/cmd/web/handlers.go:356.3,356.9 1 0
github.com/andres085/task_manager/cmd/web/handlers.go:359.2,361.16 3 1
github.com/andres085/task_manager/cmd/web/handlers.go:361.16,363.3 1 0
github.com/andres085/task_manager/cmd/web/handlers.go:365.2,366.16 2 1
github.com/andres085/task_manager/cmd/web/handlers.go:366.16,369.3 2 0
github.com/andres085/task_manager/cmd/web/handlers.go:371.2,376.62 5 1
github.com/andres085/task_manager/cmd/web/handlers.go:379.82,382.16 3 1
github.com/andres085/task_manager/cmd/web/handlers.go:382.16,385.3 2 0
github.com/andres085/task_manager/cmd/web/handlers.go:387.2,390.16 3 1
github.com/andres085/task_manager/cmd/web/handlers.go:390.16,393.3 2 0
github.com/andres085/task_manager/cmd/web/handlers.go:395.2,400.63 5 1
github.com/andres085/task_manager/cmd/web/handlers.go:403.81,405.26 2 1
github.com/andres085/task_manager/cmd/web/handlers.go:405.26,408.3 2 0
github.com/andres085/task_manager/cmd/web/handlers.go:410.2,411.16 2 1
github.com/andres085/task_manager/cmd/web/handlers.go:411.16,412.41 1 0
github.com/andres085/task_manager/cmd/web/handlers.go:412.41,414.4 1 0
github.com/andres085/task_manager/cmd/web/handlers.go:414.9,416.4 1 0
github.com/andres085/task_manager/cmd/web/handlers.go:417.3,417.9 1 0
github.com/andres085/task_manager/cmd/web/handlers.go:420.2,428.64 3 1
github.com/andres085/task_manager/cmd/web/handlers.go:431.85,433.9 2 1
github.com/andres085/task_manager/cmd/web/handlers.go:433.9,436.3 2 0
github.com/andres085/task_manager/cmd/web/handlers.go:438.2,439.35 2 1
github.com/andres085/task_manager/cmd/web/handlers.go:439.35,442.3 2 0
github.com/andres085/task_manager/cmd/web/handlers.go:444.2,447.16 3 1
github.com/andres085/task_manager/cmd/web/handlers.go:447.16,450.3 2 0
github.com/andres085/task_manager/cmd/web/handlers.go:452.2,457.19 5 1
github.com/andres085/task_manager/cmd/web/handlers.go:457.19,463.3 5 1
github.com/andres085/task_manager/cmd/web/handlers.go:465.2,466.16 2 1
github.com/andres085/task_manager/cmd/web/handlers.go:466.16,469.3 2 0
github.com/andres085/task_manager/cmd/web/handlers.go:471.2,471.14 1 1
github.com/andres085/task_manager/cmd/web/handlers.go:471.14,474.3 2 0
github.com/andres085/task_manager/cmd/web/handlers.go:476.2,477.16 2 1
github.com/andres085/task_manager/cmd/web/handlers.go:477.16,480.3 2 0
github.com/andres085/task_manager/cmd/web/handlers.go:482.2,482.90 1 1
github.com/andres085/task_manager/cmd/web/handlers.go:485.82,487.26 2 1
github.com/andres085/task_manager/cmd/web/handlers.go:487.26,490.3 2 0
github.com/andres085/task_manager/cmd/web/handlers.go:492.2,493.16 2 1
github.com/andres085/task_manager/cmd/web/handlers.go:493.16,494.41 1 0
github.com/andres085/task_manager/cmd/web/handlers.go:494.41,496.4 1 0
github.com/andres085/task_manager/cmd/web/handlers.go:496.9,498.4 1 0
github.com/andres085/task_manager/cmd/web/handlers.go:499.3,499.9 1 0
github.com/andres085/task_manager/cmd/web/handlers.go:502.2,505.17 3 1
github.com/andres085/task_manager/cmd/web/handlers.go:505.17,510.32 4 0
github.com/andres085/task_manager/cmd/web/handlers.go:510.32,513.4 2 0
github.com/andres085/task_manager/cmd/web/handlers.go:515.3,515.17 1 0
github.com/andres085/task_manager/cmd/web/handlers.go:515.17,516.42 1 0
github.com/andres085/task_manager/cmd/web/handlers.go:516.42,519.5 2 0
github.com/andres085/task_manager/cmd/web/handlers.go:519.10,521.5 1 0
github.com/andres085/task_manager/cmd/web/handlers.go:522.4,522.10 1 0
github.com/andres085/task_manager/cmd/web/handlers.go:526.2,527.16 2 1
github.com/andres085/task_manager/cmd/web/handlers.go:527.16,530.3 2 0
github.com/andres085/task_manager/cmd/web/handlers.go:532.2,537.63 5 1
github.com/andres085/task_manager/cmd/web/handlers.go:544.86,546.35 2 0
github.com/andres085/task_manager/cmd/web/handlers.go:546.35,549.3 2 0
github.com/andres085/task_manager/cmd/web/handlers.go:551.2,554.16 3 0
github.com/andres085/task_manager/cmd/web/handlers.go:554.16,557.3 2 0
github.com/andres085/task_manager/cmd/web/handlers.go:559.2,560.27 2 0
github.com/andres085/task_manager/cmd/web/handlers.go:560.27,563.3 2 0
github.com/andres085/task_manager/cmd/web/handlers.go:565.2,566.16 2 0
github.com/andres085/task_manager/cmd/web/handlers.go:566.16,569.3 2 0
github.com/andres085/task_manager/cmd/web/handlers.go:571.2,571.94 1 0
github.com/andres085/task_manager/cmd/web/handlers.go:574.89,576.35 2 0
github.com/andres085/task_manager/cmd/web/handlers.go:576.35,579.3 2 0
github.com/andres085/task_manager/cmd/web/handlers.go:581.2,582.35 2 0
github.com/andres085/task_manager/cmd/web/handlers.go:582.35,585.3 2 0
github.com/andres085/task_manager/cmd/web/handlers.go:587.2,588.27 2 0
github.com/andres085/task_manager/cmd/web/handlers.go:588.27,591.3 2 0
github.com/andres085/task_manager/cmd/web/handlers.go:593.2,593.94 1 0
github.com/andres085/task_manager/cmd/web/handlers.go:596.81,597.33 1 1
github.com/andres085/task_manager/cmd/web/handlers.go:597.33,600.3 2 0
github.com/andres085/task_manager/cmd/web/handlers.go:602.2,603.35 2 1
github.com/andres085/task_manager/cmd/web/handlers.go:603.35,606.3 2 0
github.com/andres085/task_manager/cmd/web/handlers.go:608.2,609.27 2 1
github.com/andres085/task_manager/cmd/web/handlers.go:609.27,612.3 2 0
github.com/andres085/task_manager/cmd/web/handlers.go:614.2,614.61 1 1
github.com/andres085/task_manager/cmd/web/handlers.go:625.76,631.2 3 1
github.com/andres085/task_manager/cmd/web/handlers.go:633.80,637.16 3 1
github.com/andres085/task_manager/cmd/web/handlers.go:637.16,640.3 2 0
github.com/andres085/task_manager/cmd/web/handlers.go:642.2,651.19 9 1
github.com/andres085/task_manager/cmd/web/handlers.go:651.19,656.3 4 1
github.com/andres085/task_manager/cmd/web/handlers.go:658.2,659.16 2 1
github.com/andres085/task_manager/cmd/web/handlers.go:659.16,662.3 2 0
github.com/andres085/task_manager/cmd/web/handlers.go:664.2,666.57 2 1
github.com/andres085/task_manager/cmd/web/handlers.go:675.75,680.2 3 1
github.com/andres085/task_manager/cmd/web/handlers.go:682.79,686.16 3 1
github.com/andres085/task_manager/cmd/web/handlers.go:686.16,689.3 2 0
github.com/andres085/task_manager/cmd/web/handlers.go:691.2,695.19 4 1
github.com/andres085/task_manager/cmd/web/handlers.go:695.19,700.3 4 1
github.com/andres085/task_manager/cmd/web/handlers.go:702.2,703.16 2 1
github.com/andres085/task_manager/cmd/web/handlers.go:703.16,704.51 1 0
github.com/andres085/task_manager/cmd/web/handlers.go:704.51,710.4 4 0
github.com/andres085/task_manager/cmd/web/handlers.go:710.9,712.4 1 0
github.com/andres085/task_manager/cmd/web/handlers.go:713.3,713.9 1 0
github.com/andres085/task_manager/cmd/web/handlers.go:716.2,717.16 2 1
github.com/andres085/task_manager/cmd/web/handlers.go:717.16,720.3 2 0
github.com/andres085/task_manager/cmd/web/handlers.go:722.2,724.61 2 1
github.com/andres085/task_manager/cmd/web/handlers.go:727.80,729.16 2 0
github.com/andres085/task_manager/cmd/web/handlers.go:729.16,732.3 2 0
github.com/andres085/task_manager/cmd/web/handlers.go:734.2,738.47 3 0
github.com/andres085/task_manager/cmd/web/helpers.go:16.88,25.2 3 1
github.com/andres085/task_manager/cmd/web/helpers.go:27.72,29.2 1 0
github.com/andres085/task_manager/cmd/web/helpers.go:31.116,33.9 2 1
github.com/andres085/task_manager/cmd/web/helpers.go:33.9,37.3 3 0
github.com/andres085/task_manager/cmd/web/helpers.go:39.2,41.16 3 1
github.com/andres085/task_manager/cmd/web/helpers.go:41.16,44.3 2 0
github.com/andres085/task_manager/cmd/web/helpers.go:46.2,48.16 2 1
github.com/andres085/task_manager/cmd/web/helpers.go:51.63,53.9 2 1
github.com/andres085/task_manager/cmd/web/helpers.go:53.9,55.3 1 1
github.com/andres085/task_manager/cmd/web/helpers.go:57.2,57.24 1 1
github.com/andres085/task_manager/cmd/web/helpers.go:60.71,67.2 1 1
github.com/andres085/task_manager/cmd/web/helpers.go:69.72,71.16 2 1
github.com/andres085/task_manager/cmd/web/helpers.go:71.16,73.3 1 0
github.com/andres085/task_manager/cmd/web/helpers.go:75.2,76.16 2 1
github.com/andres085/task_manager/cmd/web/helpers.go:76.16,79.43 2 0
github.com/andres085/task_manager/cmd/web/helpers.go:79.43,80.14 1 0
github.com/andres085/task_manager/cmd/web/helpers.go:83.3,83.13 1 0
github.com/andres085/task_manager/cmd/web/helpers.go:86.2,86.12 1 1
github.com/andres085/task_manager/cmd/web/helpers.go:89.114,91.16 2 1
github.com/andres085/task_manager/cmd/web/helpers.go:91.16,93.3 1 0
github.com/andres085/task_manager/cmd/web/helpers.go:95.2,98.38 3 1
github.com/andres085/task_manager/cmd/web/helpers.go:98.38,99.27 1 1
github.com/andres085/task_manager/cmd/web/helpers.go:99.27,102.4 2 1
github.com/andres085/task_manager/cmd/web/helpers.go:105.2,105.37 1 1
github.com/andres085/task_manager/cmd/web/main.go:30.13,39.16 6 0
github.com/andres085/task_manager/cmd/web/main.go:39.16,42.3 2 0
github.com/andres085/task_manager/cmd/web/main.go:44.2,47.16 3 0
github.com/andres085/task_manager/cmd/web/main.go:47.16,50.3 2 0
github.com/andres085/task_manager/cmd/web/main.go:52.2,87.12 12 0
github.com/andres085/task_manager/cmd/web/main.go:90.42,92.16 2 0
github.com/andres085/task_manager/cmd/web/main.go:92.16,94.3 1 0
github.com/andres085/task_manager/cmd/web/main.go:96.2,97.16 2 0
github.com/andres085/task_manager/cmd/web/main.go:97.16,100.3 2 0
github.com/andres085/task_manager/cmd/web/main.go:102.2,102.16 1 0
github.com/andres085/task_manager/cmd/web/middleware.go:12.52,13.71 1 1
github.com/andres085/task_manager/cmd/web/middleware.go:13.71,25.3 7 1
github.com/andres085/task_manager/cmd/web/middleware.go:28.68,29.71 1 1
github.com/andres085/task_manager/cmd/web/middleware.go:29.71,40.3 3 1
github.com/andres085/task_manager/cmd/web/middleware.go:43.70,44.71 1 1
github.com/andres085/task_manager/cmd/web/middleware.go:44.71,45.16 1 1
github.com/andres085/task_manager/cmd/web/middleware.go:45.16,46.36 1 1
github.com/andres085/task_manager/cmd/web/middleware.go:46.36,49.5 2 1
github.com/andres085/task_manager/cmd/web/middleware.go:52.3,52.23 1 1
github.com/andres085/task_manager/cmd/web/middleware.go:56.79,57.71 1 1
github.com/andres085/task_manager/cmd/web/middleware.go:57.71,58.30 1 1
github.com/andres085/task_manager/cmd/web/middleware.go:58.30,61.4 2 1
github.com/andres085/task_manager/cmd/web/middleware.go:63.3,65.23 2 1
github.com/andres085/task_manager/cmd/web/middleware.go:69.45,78.2 3 1
github.com/andres085/task_manager/cmd/web/middleware.go:80.70,81.71 1 1
github.com/andres085/task_manager/cmd/web/middleware.go:81.71,83.14 2 1
github.com/andres085/task_manager/cmd/web/middleware.go:83.14,86.4 2 1
github.com/andres085/task_manager/cmd/web/middleware.go:88.3,89.17 2 1
github.com/andres085/task_manager/cmd/web/middleware.go:89.17,92.4 2 0
github.com/andres085/task_manager/cmd/web/middleware.go:94.3,94.13 1 1
github.com/andres085/task_manager/cmd/web/middleware.go:94.13,98.4 3 1
github.com/andres085/task_manager/cmd/web/middleware.go:100.3,100.23 1 1
github.com/andres085/task_manager/cmd/web/middleware.go:104.82,105.71 1 1
github.com/andres085/task_manager/cmd/web/middleware.go:105.71,107.18 2 1
github.com/andres085/task_manager/cmd/web/middleware.go:107.18,110.4 2 1
github.com/andres085/task_manager/cmd/web/middleware.go:112.3,113.36 2 1
github.com/andres085/task_manager/cmd/web/middleware.go:113.36,116.4 2 1
github.com/andres085/task_manager/cmd/web/middleware.go:118.3,119.17 2 1
github.com/andres085/task_manager/cmd/web/middleware.go:119.17,122.4 2 0
github.com/andres085/task_manager/cmd/web/middleware.go:124.3,124.15 1 1
github.com/andres085/task_manager/cmd/web/middleware.go:124.15,127.4 2 1
github.com/andres085/task_manager/cmd/web/middleware.go:128.3,128.23 1 1
github.com/andres085/task_manager/cmd/web/middleware.go:132.77,133.71 1 1
github.com/andres085/task_manager/cmd/web/middleware.go:133.71,135.18 2 1
github.com/andres085/task_manager/cmd/web/middleware.go:135.18,138.4 2 1
github.com/andres085/task_manager/cmd/web/middleware.go:140.3,141.36 2 1
github.com/andres085/task_manager/cmd/web/middleware.go:141.36,144.4 2 1
github.com/andres085/task_manager/cmd/web/middleware.go:146.3,147.17 2 1
github.com/andres085/task_manager/cmd/web/middleware.go:147.17,150.4 2 0
github.com/andres085/task_manager/cmd/web/middleware.go:152.3,152.15 1 1
github.com/andres085/task_manager/cmd/web/middleware.go:152.15,155.4 2 1
github.com/andres085/task_manager/cmd/web/middleware.go:156.3,156.23 1 1
github.com/andres085/task_manager/cmd/web/middleware.go:160.76,161.71 1 1
github.com/andres085/task_manager/cmd/web/middleware.go:161.71,163.18 2 1
github.com/andres085/task_manager/cmd/web/middleware.go:163.18,166.4 2 1
github.com/andres085/task_manager/cmd/web/middleware.go:168.3,169.31 2 1
github.com/andres085/task_manager/cmd/web/middleware.go:169.31,172.4 2 1
github.com/andres085/task_manager/cmd/web/middleware.go:174.3,175.17 2 1
github.com/andres085/task_manager/cmd/web/middleware.go:175.17,178.4 2 0
github.com/andres085/task_manager/cmd/web/middleware.go:180.3,180.15 1 1
github.com/andres085/task_manager/cmd/web/middleware.go:180.15,183.4 2 1
github.com/andres085/task_manager/cmd/web/middleware.go:184.3,184.23 1 1
github.com/andres085/task_manager/cmd/web/middleware.go:188.72,189.71 1 1
github.com/andres085/task_manager/cmd/web/middleware.go:189.71,191.18 2 1
github.com/andres085/task_manager/cmd/web/middleware.go:191.18,194.4 2 1
github.com/andres085/task_manager/cmd/web/middleware.go:196.3,197.31 2 1
github.com/andres085/task_manager/cmd/web/middleware.go:197.31,200.4 2 1
github.com/andres085/task_manager/cmd/web/middleware.go:202.3,203.17 2 1
github.com/andres085/task_manager/cmd/web/middleware.go:203.17,206.4 2 0
github.com/andres085/task_manager/cmd/web/middleware.go:208.3,208.15 1 1
github.com/andres085/task_manager/cmd/web/middleware.go:208.15,211.4 2 1
github.com/andres085/task_manager/cmd/web/middleware.go:212.3,212.23 1 1
github.com/andres085/task_manager/cmd/web/routes.go:10.47,54.2 34 1
github.com/andres085/task_manager/cmd/web/templates.go:38.36,39.16 1 1
github.com/andres085/task_manager/cmd/web/templates.go:39.16,41.3 1 1
github.com/andres085/task_manager/cmd/web/templates.go:43.2,43.47 1 1
github.com/andres085/task_manager/cmd/web/templates.go:46.33,48.30 2 1
github.com/andres085/task_manager/cmd/web/templates.go:48.30,50.3 1 0
github.com/andres085/task_manager/cmd/web/templates.go:51.2,51.14 1 1
github.com/andres085/task_manager/cmd/web/templates.go:54.24,56.2 1 0
github.com/andres085/task_manager/cmd/web/templates.go:58.24,60.2 1 0
github.com/andres085/task_manager/cmd/web/templates.go:69.64,73.16 3 1
github.com/andres085/task_manager/cmd/web/templates.go:73.16,75.3 1 0
github.com/andres085/task_manager/cmd/web/templates.go:77.2,77.29 1 1
github.com/andres085/task_manager/cmd/web/templates.go:77.29,88.17 4 1
github.com/andres085/task_manager/cmd/web/templates.go:88.17,90.4 1 0
github.com/andres085/task_manager/cmd/web/templates.go:92.3,92.19 1 1
github.com/andres085/task_manager/cmd/web/templates.go:95.2,95.19 1 1
github.com/andres085/task_manager/cmd/web/templates.go:98.77,100.30 2 1
github.com/andres085/task_manager/cmd/web/templates.go:100.30,102.3 1 1
github.com/andres085/task_manager/cmd/web/templates.go:104.2,105.28 2 1
github.com/andres085/task_manager/cmd/web/templates.go:105.28,107.3 1 1
github.com/andres085/task_manager/cmd/web/templates.go:109.2,111.28 2 1
